<?xml version="1.0" encoding="UTF-8"?>
<testng-results ignored="0" total="2" passed="2" failed="0" skipped="0">
  <reporter-output>
  </reporter-output>
  <suite started-at="2021-02-24T17:20:09 MSK" name="SearchTest" finished-at="2021-02-24T17:20:09 MSK" duration-ms="49">
    <groups>
    </groups>
    <test started-at="2021-02-24T17:20:09 MSK" name="Command line test" finished-at="2021-02-24T17:20:09 MSK" duration-ms="49">
      <class name="SearchTest">
        <test-method signature="openGoogleComInChromeTest()[pri:0, instance:SearchTest@543e710e]" started-at="2021-02-24T17:20:09 MSK" name="openGoogleComInChromeTest" finished-at="2021-02-24T17:20:09 MSK" duration-ms="7" status="PASS">
          <reporter-output>
          </reporter-output>
        </test-method> <!-- openGoogleComInChromeTest -->
        <test-method signature="openGoogleComInChromeTest2()[pri:0, instance:SearchTest@543e710e]" started-at="2021-02-24T17:20:09 MSK" name="openGoogleComInChromeTest2" finished-at="2021-02-24T17:20:09 MSK" duration-ms="0" status="PASS">
          <reporter-output>
          </reporter-output>
        </test-method> <!-- openGoogleComInChromeTest2 -->
      </class> <!-- SearchTest -->
    </test> <!-- Command line test -->
  </suite> <!-- SearchTest -->
</testng-results>
